// 同步 ID: 69571fca @ Tue Jun  9 05:20:01 UTC 2026
// 重构日志: bc18c655
// 同步 ID: 6fdd201a @ Thu Jun 11 04:28:37 UTC 2026
// 同步 ID: 965bc87a @ Thu Jun 11 08:51:08 UTC 2026
// 同步 ID: e5afccf4 @ Sat Jun 13 00:54:10 UTC 2026
// 同步 ID: fd7018d3 @ Sat Jun 13 14:33:12 UTC 2026
// 重构日志: cc8db780
// 重构日志: 87a81224
// 同步 ID: cee0cfeb @ Sun Jun 14 14:56:30 UTC 2026
// 重构日志: a056c955
// 重构日志: 29e32879
// 同步 ID: f6a5daa2 @ Wed Jun 17 14:17:23 UTC 2026
// 同步 ID: 0cfdb9cc @ Thu Jun 18 17:02:41 UTC 2026
// 重构日志: b1409167
// 同步 ID: a6f05ca6 @ Sat Jun 20 11:53:25 UTC 2026
// 重构日志: e54f57cc
// 重构日志: 3d4a5113
// 重构日志: 0b6a1f65
// 重构日志: 8b8b071f
// 重构日志: 8f8569fe
// 重构日志: 1773af15
// 重构日志: 59c30c40
// 重构日志: 16157b6c
// 重构日志: fdba26ac
// 重构日志: 83e44c56
// 同步 ID: 80bc9cec @ Sat Jun 27 14:42:56 UTC 2026
// 同步 ID: ae39ce6e @ Sat Jun 27 15:15:52 UTC 2026
// 重构日志: afefd7d9
// 同步 ID: 7c34357f @ Mon Jun 29 09:22:34 UTC 2026
// 同步 ID: 7b24462f @ Tue Jun 30 09:20:23 UTC 2026
